Copyright 1986-2019 Xilinx, Inc. All Rights Reserved.
-----------------------------------------------------------------------------------------------------
| Tool Version : Vivado v.2019.2 (win64) Build 2708876 Wed Nov  6 21:40:23 MST 2019
| Date         : Fri Jun 11 17:31:00 2021
| Host         : DESKTOP-RIQG005 running 64-bit major release  (build 9200)
| Command      : report_control_sets -verbose -file single_cycle_cpu_display_control_sets_placed.rpt
| Design       : single_cycle_cpu_display
| Device       : xc7a200t
-----------------------------------------------------------------------------------------------------

Control Set Information

Table of Contents
-----------------
1. Summary
2. Histogram
3. Flip-Flop Distribution
4. Detailed Control Set Information

1. Summary
----------

+----------------------------------------------------------+-------+
|                          Status                          | Count |
+----------------------------------------------------------+-------+
| Total control sets                                       |    73 |
|    Minimum number of control sets                        |    73 |
|    Addition due to synthesis replication                 |     0 |
|    Addition due to physical synthesis replication        |     0 |
| Unused register locations in slices containing registers |   108 |
+----------------------------------------------------------+-------+
* Control sets can be merged at opt_design using control_set_merge or merge_equivalent_drivers
** Run report_qor_suggestions for automated merging and remapping suggestions


2. Histogram
------------

+--------------------+-------+
|       Fanout       | Count |
+--------------------+-------+
| Total control sets |    73 |
| >= 0 to < 4        |     1 |
| >= 4 to < 6        |     7 |
| >= 6 to < 8        |     2 |
| >= 8 to < 10       |     4 |
| >= 10 to < 12      |     3 |
| >= 12 to < 14      |     1 |
| >= 14 to < 16      |     0 |
| >= 16              |    55 |
+--------------------+-------+
* Control sets can be remapped at either synth_design or opt_design


3. Flip-Flop Distribution
-------------------------

+--------------+-----------------------+------------------------+-----------------+--------------+
| Clock Enable | Synchronous Set/Reset | Asynchronous Set/Reset | Total Registers | Total Slices |
+--------------+-----------------------+------------------------+-----------------+--------------+
| No           | No                    | No                     |             101 |           44 |
| No           | No                    | Yes                    |               0 |            0 |
| No           | Yes                   | No                     |              95 |           33 |
| Yes          | No                    | No                     |            1559 |          657 |
| Yes          | No                    | Yes                    |               0 |            0 |
| Yes          | Yes                   | No                     |             145 |           49 |
+--------------+-----------------------+------------------------+-----------------+--------------+


4. Detailed Control Set Information
-----------------------------------

+------------------------+-------------------------------------------------------+-------------------------------------------------------+------------------+----------------+
|      Clock Signal      |                     Enable Signal                     |                    Set/Reset Signal                   | Slice Load Count | Bel Load Count |
+------------------------+-------------------------------------------------------+-------------------------------------------------------+------------------+----------------+
|  lcd_module/clk_2_BUFG |                                                       | lcd_module/lcd_draw_module/draw_block_number1         |                1 |              1 |
|  clk_IBUF_BUFG         | lcd_module/touch_module/input_value[3]_i_1_n_0        | lcd_module/touch_module/input_value[31]_i_1_n_0       |                3 |              4 |
|  cpu_clk               | cpu/pc0[31]                                           | cpu/SR[0]                                             |                1 |              4 |
|  lcd_module/clk_2_BUFG | lcd_module/lcd_draw_module/set_xy_valid_reg_n_0       | lcd_module/lcd_draw_module/draw_block_number1         |                1 |              4 |
|  lcd_module/clk_2_BUFG |                                                       | lcd_module/lcd_draw_module/display_count_y[4]_i_1_n_0 |                2 |              5 |
|  lcd_module/clk_2_BUFG | lcd_module/lcd_init_module/display_x_h[4]_i_1_n_0     | lcd_module/lcd_init_module/init_display_begin0        |                2 |              5 |
|  lcd_module/clk_2_BUFG | lcd_module/lcd_init_module/init_display_begin_reg_n_0 | lcd_module/lcd_init_module/init_display_begin0        |                4 |              5 |
|  lcd_module/clk_2_BUFG | lcd_module/lcd_draw_module/draw_wr_valid0             | lcd_module/lcd_draw_module/draw_data[4]_i_1_n_0       |                2 |              5 |
|  clk_IBUF_BUFG         |                                                       | lcd_module/touch_module/clk_count0                    |                2 |              6 |
|  lcd_module/clk_2_BUFG | lcd_module/lcd_draw_module/draw_block_end             | lcd_module/lcd_draw_module/draw_block_number0         |                3 |              6 |
|  clk_IBUF_BUFG         | lcd_module/touch_module/send_byte[0]_i_1_n_0          |                                                       |                3 |              8 |
|  lcd_module/clk_2_BUFG | lcd_module/lcd_draw_module/display_count_x[7]_i_2_n_0 | lcd_module/lcd_draw_module/display_count_x[7]_i_1_n_0 |                3 |              8 |
|  lcd_module/clk_2_BUFG | lcd_module/lcd_draw_module/td_count_x[8]_i_2_n_0      | lcd_module/lcd_draw_module/td_count_x[8]_i_1_n_0      |                3 |              9 |
|  lcd_module/clk_2_BUFG |                                                       | lcd_module/lcd_draw_module/td_count_y0                |                3 |              9 |
|  lcd_module/clk_2_BUFG | lcd_module/lcd_init_module/display_y0                 | lcd_module/lcd_init_module/init_display_begin0        |                5 |             10 |
|  lcd_module/clk_2_BUFG | lcd_module/lcd_draw_module/draw_wr_valid0             |                                                       |                3 |             10 |
|  lcd_module/clk_2_BUFG | lcd_module/lcd_init_module/sel                        | lcd_module/lcd_init_module/init_rom_pc0               |                4 |             11 |
|  clk_IBUF_BUFG         | display_name[38]_i_2_n_0                              | display_valid0                                        |                4 |             12 |
|  lcd_module/clk_2_BUFG |                                                       |                                                       |               10 |             18 |
|  clk_IBUF_BUFG         |                                                       | lcd_module/touch_module/rst_count0                    |                6 |             22 |
|  clk_IBUF_BUFG         |                                                       | lcd_module/touch_module/int_o_en_reg_0                |               11 |             26 |
|  cpu_clk               |                                                       | cpu/SR[0]                                             |                8 |             26 |
|  clk_IBUF_BUFG         | lcd_module/touch_module/input_value[31]_i_2_n_0       | lcd_module/touch_module/input_value[31]_i_1_n_0       |                4 |             28 |
|  cpu_clk               | cpu/rf_module/rf[5][31]_i_1_n_0                       |                                                       |               11 |             32 |
|  cpu_clk               | cpu/rf_module/rf[6][31]_i_1_n_0                       |                                                       |               15 |             32 |
|  cpu_clk               | cpu/rf_module/rf[8][31]_i_1_n_0                       |                                                       |               21 |             32 |
|  cpu_clk               | cpu/rf_module/E[0]                                    |                                                       |               21 |             32 |
|  cpu_clk               | cpu/rf_module/rf[4][31]_i_1_n_0                       |                                                       |               14 |             32 |
|  cpu_clk               | cpu/rf_module/pc_reg[5]_18[0]                         |                                                       |                9 |             32 |
|  cpu_clk               | cpu/rf_module/pc_reg[5]_26[0]                         |                                                       |               20 |             32 |
|  cpu_clk               | cpu/rf_module/pc_reg[5]_27[0]                         |                                                       |                9 |             32 |
|  cpu_clk               | cpu/rf_module/pc_reg[5]_12[0]                         |                                                       |               17 |             32 |
|  cpu_clk               | cpu/rf_module/pc_reg[5]_23[0]                         |                                                       |               10 |             32 |
|  cpu_clk               | cpu/rf_module/pc_reg[5]_28[0]                         |                                                       |               11 |             32 |
|  cpu_clk               | cpu/rf_module/pc_reg[5]_29[0]                         |                                                       |               13 |             32 |
|  cpu_clk               | cpu/rf_module/pc_reg[5]_10[0]                         |                                                       |                9 |             32 |
|  cpu_clk               | cpu/rf_module/rf[1][31]_i_1_n_0                       |                                                       |               12 |             32 |
|  cpu_clk               | cpu/rf_module/pc_reg[5]_13[0]                         |                                                       |               11 |             32 |
|  cpu_clk               | cpu/rf_module/pc_reg[5]_14[0]                         |                                                       |               12 |             32 |
|  cpu_clk               | cpu/rf_module/pc_reg[5]_15[0]                         |                                                       |                8 |             32 |
|  cpu_clk               | cpu/rf_module/pc_reg[5]_16[0]                         |                                                       |               11 |             32 |
|  cpu_clk               | cpu/rf_module/pc_reg[5]_19[0]                         |                                                       |               11 |             32 |
|  cpu_clk               | cpu/rf_module/pc_reg[5]_2[0]                          |                                                       |               11 |             32 |
|  cpu_clk               | cpu/rf_module/pc_reg[5]_20[0]                         |                                                       |               12 |             32 |
|  cpu_clk               | cpu/rf_module/pc_reg[5]_25[0]                         |                                                       |               19 |             32 |
|  cpu_clk               | cpu/rf_module/pc_reg[5]_21[0]                         |                                                       |               10 |             32 |
|  cpu_clk               | cpu/rf_module/pc_reg[5]_17[0]                         |                                                       |               15 |             32 |
|  cpu_clk               | cpu/rf_module/pc_reg[5][0]                            |                                                       |                9 |             32 |
|  cpu_clk               | cpu/rf_module/pc_reg[5]_11[0]                         |                                                       |               11 |             32 |
|  cpu_clk               | cpu/rf_module/pc_reg[5]_22[0]                         |                                                       |               21 |             32 |
|  cpu_clk               | cpu/rf_module/pc_reg[5]_24[0]                         |                                                       |               11 |             32 |
|  cpu_clk               | cpu/rf_module/pc_reg[5]_6[0]                          |                                                       |               14 |             32 |
|  cpu_clk               | cpu/rf_module/pc_reg[5]_8[0]                          |                                                       |               12 |             32 |
|  cpu_clk               | cpu/rf_module/pc_reg[5]_30[0]                         |                                                       |               13 |             32 |
|  cpu_clk               | cpu/rf_module/pc_reg[5]_4[0]                          |                                                       |                8 |             32 |
|  cpu_clk               | cpu/rf_module/pc_reg[5]_31[0]                         |                                                       |                7 |             32 |
|  cpu_clk               | cpu/rf_module/pc_reg[5]_5[0]                          |                                                       |               12 |             32 |
|  cpu_clk               | cpu/rf_module/pc_reg[5]_7[0]                          |                                                       |               16 |             32 |
|  cpu_clk               | cpu/rf_module/rf[10][31]_i_1_n_0                      |                                                       |               13 |             32 |
|  cpu_clk               | cpu/rf_module/rf[13][31]_i_1_n_0                      |                                                       |               10 |             32 |
|  cpu_clk               | cpu/rf_module/pc_reg[5]_3[0]                          |                                                       |               17 |             32 |
|  cpu_clk               | cpu/rf_module/rf[15][31]_i_1_n_0                      |                                                       |               12 |             32 |
|  cpu_clk               | cpu/rf_module/rf[11][31]_i_1_n_0                      |                                                       |               10 |             32 |
|  cpu_clk               | cpu/rf_module/rf[14][31]_i_1_n_0                      |                                                       |               13 |             32 |
|  cpu_clk               | cpu/rf_module/rf[12][31]_i_1_n_0                      |                                                       |               11 |             32 |
|  cpu_clk               | cpu/rf_module/rf[3][31]_i_1_n_0                       |                                                       |               17 |             32 |
|  cpu_clk               | cpu/rf_module/rf[2][31]_i_1_n_0                       |                                                       |               19 |             32 |
|  cpu_clk               | cpu/rf_module/rf[7][31]_i_1_n_0                       |                                                       |               20 |             32 |
|  cpu_clk               | cpu/rf_module/rf[9][31]_i_1_n_0                       |                                                       |               21 |             32 |
|  cpu_clk               | cpu/rf_module/pc_reg[5]_9[0]                          |                                                       |               19 |             32 |
|  clk_IBUF_BUFG         | lcd_module/touch_module/input_valid_OBUF              | cpu/SR[0]                                             |               10 |             34 |
|  clk_IBUF_BUFG         | display_name[38]_i_2_n_0                              |                                                       |               23 |             37 |
|  clk_IBUF_BUFG         |                                                       |                                                       |               34 |             83 |
+------------------------+-------------------------------------------------------+-------------------------------------------------------+------------------+----------------+


